2021-02-28 22:22:45,983 INFO osmnx Configured OSMnx
2021-02-28 22:22:45,989 INFO osmnx Retrieved response from cache file "cache\65a1298a2acc085ed69b61b26237d2e2.json"
2021-02-28 22:22:45,989 INFO osmnx Geocoded "Medellin, Colombia" to (6.2443382, -75.573553)
2021-02-28 22:22:45,989 INFO osmnx Created bbox 11000 m from (6.2443382, -75.573553): 6.343263436904218,6.145412963095781,-75.47403734580247,-75.67306865419754
2021-02-28 22:22:46,085 INFO osmnx Projected GeoDataFrame to +proj=utm +zone=18 +ellps=WGS84 +datum=WGS84 +units=m +no_defs +type=crs
2021-02-28 22:22:46,128 INFO osmnx Projected GeoDataFrame to epsg:4326
2021-02-28 22:22:46,181 INFO osmnx Projected GeoDataFrame to +proj=utm +zone=18 +ellps=WGS84 +datum=WGS84 +units=m +no_defs +type=crs
2021-02-28 22:22:46,224 INFO osmnx Projected GeoDataFrame to epsg:4326
2021-02-28 22:22:46,224 INFO osmnx Requesting data within polygon from API in 1 request(s)
2021-02-28 22:22:46,516 INFO osmnx Retrieved response from cache file "cache\519b5fdef06d0ea975c924acdac097d0.json"
2021-02-28 22:22:46,516 INFO osmnx Got all network data within polygon from API in 1 request(s)
2021-02-28 22:22:46,516 INFO osmnx Creating graph from downloaded OSM data...
2021-02-28 22:22:48,567 INFO osmnx Created graph with 127388 nodes and 239556 edges
2021-02-28 22:22:50,397 INFO osmnx Added edge lengths to graph
2021-02-28 22:22:50,419 INFO osmnx Identifying all nodes that lie outside the polygon...
2021-02-28 22:22:51,671 INFO osmnx Created nodes GeoDataFrame from graph
2021-02-28 22:22:56,275 INFO osmnx Created r-tree spatial index for 127388 geometries
2021-02-28 22:22:57,331 INFO osmnx Identified 123819 geometries inside polygon
2021-02-28 22:22:59,432 INFO osmnx Removed 3569 nodes outside polygon
2021-02-28 22:22:59,432 INFO osmnx Truncated graph by polygon
2021-02-28 22:22:59,705 INFO osmnx Begin topologically simplifying the graph...
2021-02-28 22:23:02,883 INFO osmnx Identified 23569 edge endpoints
2021-02-28 22:23:09,464 INFO osmnx Simplified graph: 123819 to 23569 nodes, 232644 to 56803 edges
2021-02-28 22:23:09,627 INFO osmnx Identifying all nodes that lie outside the polygon...
2021-02-28 22:23:09,952 INFO osmnx Created nodes GeoDataFrame from graph
2021-02-28 22:23:11,126 INFO osmnx Created r-tree spatial index for 23569 geometries
2021-02-28 22:23:11,383 INFO osmnx Identified 22920 geometries inside polygon
2021-02-28 22:23:11,962 INFO osmnx Removed 649 nodes outside polygon
2021-02-28 22:23:12,561 INFO osmnx Removed 10 isolated nodes
2021-02-28 22:23:13,628 INFO osmnx Got largest weakly connected component (22795 of 22910 total nodes)
2021-02-28 22:23:13,648 INFO osmnx Truncated graph by polygon
2021-02-28 22:23:15,775 INFO osmnx Counted undirected street segments incident to each node
2021-02-28 22:23:15,843 INFO osmnx graph_from_polygon returned graph with 22795 nodes and 55147 edges
2021-02-28 22:23:15,909 INFO osmnx graph_from_bbox returned graph with 22795 nodes and 55147 edges
2021-02-28 22:23:15,923 INFO osmnx graph_from_point returned graph with 22795 nodes and 55147 edges
2021-02-28 22:23:15,945 INFO osmnx graph_from_address returned graph with 22795 nodes and 55147 edges
2021-02-28 22:23:15,976 INFO osmnx Requesting node elevations from the API in 66 calls
2021-02-28 22:23:15,983 INFO osmnx Retrieved response from cache file "cache\aa7799ec8132bc569204062049a706ec.json"
2021-02-28 22:23:15,990 INFO osmnx Retrieved response from cache file "cache\8e29ed133ccb8ff8368746f267eeda08.json"
2021-02-28 22:23:15,998 INFO osmnx Retrieved response from cache file "cache\75b705ebc10ce0b2f48bbe416c3dae91.json"
2021-02-28 22:23:16,008 INFO osmnx Retrieved response from cache file "cache\b3e3a72c5615a8b2f166a909eddc4796.json"
2021-02-28 22:23:16,018 INFO osmnx Retrieved response from cache file "cache\7872cfc72cdedaa1655be80a76d86692.json"
2021-02-28 22:23:16,026 INFO osmnx Retrieved response from cache file "cache\feaf2bf01a90350f9a77dd18c0811bdc.json"
2021-02-28 22:23:16,033 INFO osmnx Retrieved response from cache file "cache\753d08120adaf3270d13974923e4a1d5.json"
2021-02-28 22:23:16,041 INFO osmnx Retrieved response from cache file "cache\9f47e57d1e16b869b76e247b031bf115.json"
2021-02-28 22:23:16,048 INFO osmnx Retrieved response from cache file "cache\eae3f6c88171fb8995c090b18a62bde4.json"
2021-02-28 22:23:16,055 INFO osmnx Retrieved response from cache file "cache\adfbd22f2ef89fe33ff460cbb5b3e78d.json"
2021-02-28 22:23:16,079 INFO osmnx Retrieved response from cache file "cache\3c83d5e0549949bd78789d6f6e1f5502.json"
2021-02-28 22:23:16,086 INFO osmnx Retrieved response from cache file "cache\a71d4c3468c8d5b796028e68abc516d6.json"
2021-02-28 22:23:16,100 INFO osmnx Retrieved response from cache file "cache\50ce734b12ba29d4560abe9437b7d06f.json"
2021-02-28 22:23:16,108 INFO osmnx Retrieved response from cache file "cache\22be6f352139f0ab3eee097e9bd1fb0d.json"
2021-02-28 22:23:16,115 INFO osmnx Retrieved response from cache file "cache\9e867e0e288783ae64fb723cdb8abd9f.json"
2021-02-28 22:23:16,124 INFO osmnx Retrieved response from cache file "cache\a0db32d4985e633b4162a7f971743c70.json"
2021-02-28 22:23:16,134 INFO osmnx Retrieved response from cache file "cache\ad4c762e1a1634e67e6bb19fc3ceaa3c.json"
2021-02-28 22:23:16,141 INFO osmnx Retrieved response from cache file "cache\1f855e15776f27d64ab004b0ac08f799.json"
2021-02-28 22:23:16,148 INFO osmnx Retrieved response from cache file "cache\8698d878e117044fda75971fca8a96e2.json"
2021-02-28 22:23:16,155 INFO osmnx Retrieved response from cache file "cache\5216a6be35ed6dae361ab77a664a5b82.json"
2021-02-28 22:23:16,162 INFO osmnx Retrieved response from cache file "cache\c1451186c104bfe09834ee94d3310aca.json"
2021-02-28 22:23:16,170 INFO osmnx Retrieved response from cache file "cache\431f787a712ada0ff63581599e2a03d5.json"
2021-02-28 22:23:16,177 INFO osmnx Retrieved response from cache file "cache\8c19f0d0698352020f2bb885ecbc81a7.json"
2021-02-28 22:23:16,184 INFO osmnx Retrieved response from cache file "cache\6ad2f98e090480b96a51c00eff5c8148.json"
2021-02-28 22:23:16,191 INFO osmnx Retrieved response from cache file "cache\af3ee46376dc032a4c43c2a4e3fd535b.json"
2021-02-28 22:23:16,198 INFO osmnx Retrieved response from cache file "cache\61803c0791fbc15cfcd6f7919cbbce60.json"
2021-02-28 22:23:16,205 INFO osmnx Retrieved response from cache file "cache\8dd2e162546dc345d33ae712f1c1a0c7.json"
2021-02-28 22:23:16,213 INFO osmnx Retrieved response from cache file "cache\dec1853bb942c8ca9665e0aafcbca16a.json"
2021-02-28 22:23:16,221 INFO osmnx Retrieved response from cache file "cache\5594398b8213c6ef3de9dd506e99a0a5.json"
2021-02-28 22:23:16,228 INFO osmnx Retrieved response from cache file "cache\ca1e856fac27ad3c6871bfeaec996eae.json"
2021-02-28 22:23:16,238 INFO osmnx Retrieved response from cache file "cache\4a596d5365f69a590644e7f4422eb05e.json"
2021-02-28 22:23:16,248 INFO osmnx Retrieved response from cache file "cache\fc2338f17b8f9098788f777312a4a30f.json"
2021-02-28 22:23:16,256 INFO osmnx Retrieved response from cache file "cache\9a886271578fcfb89365db8e2bc2d600.json"
2021-02-28 22:23:16,264 INFO osmnx Retrieved response from cache file "cache\d57dd2495ef4490fed1716ea3495c681.json"
2021-02-28 22:23:16,271 INFO osmnx Retrieved response from cache file "cache\8ac23021a7e0e57438d6f845a2759f38.json"
2021-02-28 22:23:16,279 INFO osmnx Retrieved response from cache file "cache\a3c28f2c837a4fc2d2cfc9c001ac904a.json"
2021-02-28 22:23:16,287 INFO osmnx Retrieved response from cache file "cache\da5dce32d6bd559222a110287bd7c2a3.json"
2021-02-28 22:23:16,295 INFO osmnx Retrieved response from cache file "cache\e62950b87147872d97bf541d321eacfb.json"
2021-02-28 22:23:16,302 INFO osmnx Retrieved response from cache file "cache\505c0f73e7ecd7882fc3017875d2b117.json"
2021-02-28 22:23:16,311 INFO osmnx Retrieved response from cache file "cache\41cc884ad458214e9394b001618438a2.json"
2021-02-28 22:23:16,318 INFO osmnx Retrieved response from cache file "cache\ff1b4c1dbde06c89f8ba66864bcd691a.json"
2021-02-28 22:23:16,326 INFO osmnx Retrieved response from cache file "cache\5c8d2bfb646a9b374c66fcad0acdb39a.json"
2021-02-28 22:23:16,333 INFO osmnx Retrieved response from cache file "cache\3b1243ef782c5f72eb4d5486a9f3d7c7.json"
2021-02-28 22:23:16,341 INFO osmnx Retrieved response from cache file "cache\47727de7f3e7d86781fa904e0f860c08.json"
2021-02-28 22:23:16,348 INFO osmnx Retrieved response from cache file "cache\62dad195c988811ba79eb598e71e34f9.json"
2021-02-28 22:23:16,356 INFO osmnx Retrieved response from cache file "cache\66becbc2306d8337e3fc847261937ba0.json"
2021-02-28 22:23:16,364 INFO osmnx Retrieved response from cache file "cache\f56e025ea7ab8d07ca7ee49aec2f0377.json"
2021-02-28 22:23:16,374 INFO osmnx Retrieved response from cache file "cache\a8d800daab7b767cc6d2ed07a344c788.json"
2021-02-28 22:23:16,382 INFO osmnx Retrieved response from cache file "cache\ce03d31c3ae2316949e34509b35a2e50.json"
2021-02-28 22:23:16,389 INFO osmnx Retrieved response from cache file "cache\28ef92cefefca32a7bf05c543a90f4f2.json"
2021-02-28 22:23:16,397 INFO osmnx Retrieved response from cache file "cache\b65dda9ab721c77aa7900111c0d2f6c5.json"
2021-02-28 22:23:16,404 INFO osmnx Retrieved response from cache file "cache\92cfea718b5fd596afea63325adae9c2.json"
2021-02-28 22:23:16,411 INFO osmnx Retrieved response from cache file "cache\b1d0806f16210fae4d973649d6e72e5a.json"
2021-02-28 22:23:16,420 INFO osmnx Retrieved response from cache file "cache\62293d0044446db791499855dee09bfb.json"
2021-02-28 22:23:16,430 INFO osmnx Retrieved response from cache file "cache\97ab06d9dddd370426dbaceb9f568074.json"
2021-02-28 22:23:16,439 INFO osmnx Retrieved response from cache file "cache\7d9a1c9fc6d6db60968dbc1e3433ac42.json"
2021-02-28 22:23:16,447 INFO osmnx Retrieved response from cache file "cache\813f0651391a1d868d5a3c60d6778377.json"
2021-02-28 22:23:16,455 INFO osmnx Retrieved response from cache file "cache\cc2624928e369c0235f8fde7128270b3.json"
2021-02-28 22:23:16,463 INFO osmnx Retrieved response from cache file "cache\5c5569052e676ed3853c53cf892528ab.json"
2021-02-28 22:23:16,470 INFO osmnx Retrieved response from cache file "cache\a3984e44f1c7e243bc90825fb245a41e.json"
2021-02-28 22:23:16,478 INFO osmnx Retrieved response from cache file "cache\087e87f54bf807977fb725da74465a53.json"
2021-02-28 22:23:16,486 INFO osmnx Retrieved response from cache file "cache\5a35ef902f7653ab5672cf5f5dff853d.json"
2021-02-28 22:23:16,493 INFO osmnx Retrieved response from cache file "cache\ffdbaab45510be8e3f6c86e10350a861.json"
2021-02-28 22:23:16,502 INFO osmnx Retrieved response from cache file "cache\2b600d76feea4aef9a184af12260f92a.json"
2021-02-28 22:23:16,510 INFO osmnx Retrieved response from cache file "cache\be09362e2e443920c96dfa418e0d2b18.json"
2021-02-28 22:23:16,516 INFO osmnx Retrieved response from cache file "cache\646f8eb7b70156e89efe9a11fccf58ef.json"
2021-02-28 22:23:16,516 INFO osmnx Graph has 22795 nodes and we received 22795 results from elevation API
2021-02-28 22:23:16,551 INFO osmnx Added elevation data to all nodes.
2021-02-28 22:23:16,736 INFO osmnx Added grade attributes to all edges.
2021-02-28 22:23:16,955 INFO osmnx Created nodes GeoDataFrame from graph
2021-02-28 22:23:17,809 INFO osmnx Projected GeoDataFrame to +proj=utm +zone=18 +ellps=WGS84 +datum=WGS84 +units=m +no_defs +type=crs
2021-02-28 22:23:20,013 INFO osmnx Created edges GeoDataFrame from graph
2021-02-28 22:23:22,059 INFO osmnx Projected GeoDataFrame to +proj=utm +zone=18 +ellps=WGS84 +datum=WGS84 +units=m +no_defs +type=crs
2021-02-28 22:23:24,365 INFO osmnx Created graph from node/edge GeoDataFrames
2021-02-28 22:23:24,379 INFO osmnx Projected graph with 22795 nodes and 55147 edges
2021-02-28 22:23:24,506 INFO osmnx Begin plotting the graph...
2021-02-28 22:23:25,519 INFO osmnx Created edges GeoDataFrame from graph
2021-02-28 22:23:27,895 INFO osmnx Created nodes GeoDataFrame from graph
2021-02-28 22:23:30,907 INFO osmnx Finished plotting the graph
2021-02-28 22:23:40,660 INFO osmnx Begin plotting the graph...
2021-02-28 22:23:41,222 INFO osmnx Created edges GeoDataFrame from graph
2021-02-28 22:23:45,932 INFO osmnx Finished plotting the graph
2021-02-28 22:23:46,392 INFO osmnx Created edges GeoDataFrame from graph
2021-02-28 22:23:48,546 INFO osmnx Created edges GeoDataFrame from graph
2021-02-28 22:24:06,863 INFO osmnx Saved graph as GraphML file at "../data/medellin.graphml"
2021-02-28 22:24:10,593 INFO osmnx Converting node and edge attribute data types
2021-02-28 22:24:12,429 INFO osmnx Loaded graph with 22795 nodes and 55147 edges from "../data/medellin.graphml"
2021-02-28 22:24:12,451 INFO osmnx Found nearest node (3619421811) to point (6.19774, -75.589708)
2021-02-28 22:24:12,471 INFO osmnx Found nearest node (309026273) to point (6.210548, -75.570576)
2021-02-28 22:24:12,491 INFO osmnx Found nearest node (3290804338) to point (39.982066, -81.11861)
2021-02-28 22:24:12,491 INFO osmnx Begin plotting the graph...
2021-02-28 22:24:14,308 INFO osmnx Created edges GeoDataFrame from graph
2021-02-28 22:24:17,981 INFO osmnx Created nodes GeoDataFrame from graph
2021-02-28 22:24:20,622 INFO osmnx Finished plotting the graph
2021-02-28 23:20:21,882 INFO osmnx Converting node and edge attribute data types
2021-02-28 23:20:23,646 INFO osmnx Loaded graph with 22795 nodes and 55147 edges from "../data/medellin.graphml"
2021-02-28 23:22:01,181 INFO osmnx Configured OSMnx
2021-02-28 23:22:01,182 INFO osmnx Retrieved response from cache file "cache\65a1298a2acc085ed69b61b26237d2e2.json"
2021-02-28 23:22:01,182 INFO osmnx Geocoded "Medellin, Colombia" to (6.2443382, -75.573553)
2021-02-28 23:22:01,182 INFO osmnx Created bbox 11000 m from (6.2443382, -75.573553): 6.343263436904218,6.145412963095781,-75.47403734580247,-75.67306865419754
2021-02-28 23:22:01,238 INFO osmnx Projected GeoDataFrame to +proj=utm +zone=18 +ellps=WGS84 +datum=WGS84 +units=m +no_defs +type=crs
2021-02-28 23:22:01,280 INFO osmnx Projected GeoDataFrame to epsg:4326
2021-02-28 23:22:01,332 INFO osmnx Projected GeoDataFrame to +proj=utm +zone=18 +ellps=WGS84 +datum=WGS84 +units=m +no_defs +type=crs
2021-02-28 23:22:01,373 INFO osmnx Projected GeoDataFrame to epsg:4326
2021-02-28 23:22:01,374 INFO osmnx Requesting data within polygon from API in 1 request(s)
2021-02-28 23:22:01,661 INFO osmnx Retrieved response from cache file "cache\519b5fdef06d0ea975c924acdac097d0.json"
2021-02-28 23:22:01,661 INFO osmnx Got all network data within polygon from API in 1 request(s)
2021-02-28 23:22:01,662 INFO osmnx Creating graph from downloaded OSM data...
2021-02-28 23:22:03,741 INFO osmnx Created graph with 127388 nodes and 239556 edges
2021-02-28 23:22:05,560 INFO osmnx Added edge lengths to graph
2021-02-28 23:22:05,582 INFO osmnx Identifying all nodes that lie outside the polygon...
